14:37:16.065 [print] <batch xmlns:pfx="http://services.tmobile.com/csi/email" xmlns:tib="http://www.tibco.com/bw/xslt/custom-functions" xmlns:xsd="http://www.w3.org/2001/XMLSchema" profile="HSOS">
  <template>
    <content mfile="body.html" ref="ORDERSHIPPEDNOTRADEIN" type="text/html"/>
    <header>
      <from address="donotreply@t-mobile.com" name="T-Mobile USA"/>
      <reply address="donotreply@t-mobile.com" name="T-Mobile USA"/>
    </header>
    <list>
      <email id="20190716113644916ORDERSHIPPEDN" id2="ORDERSHIPPEDNOTRADEIN">
        <rcpt address="notifications.test.events+960698182@gmail.com"/>
        <pdata key="FullName" value="John Legere"/>
        <pdata key="OrderNumber" value="79613"/>
        <pdata key="OrderDate" value="7/16/2019"/>
        <pdata key="UpgradeDeviceDescription" value="TestJ-BlackOnyx-32GB"/>
        <pdata key="ShippingTrackingNumber" value="1ZW0Y5911361496530"/>
        <pdata key="CarrierUrl" value="http://wwwapps.ups.com/WebTracking/track?HTMLVersion=5.0&amp;loc=en_US&amp;Requester=UPSHome&amp;WBPM_lid=homepage%2Fct1.html_pnl_trk&amp;track.x=Track&amp;trackNums=1ZW0Y5911361496530"/>
        <pdata key="ShippingMethod" value="UPSExpeditedNextDayAir"/>
        <pdata key="ShippingAddressLine1" value="One Ravinia Drive"/>
        <pdata key="ShippingAddressLine2" value="opp: perimeter mall"/>
        <pdata key="ShippingAddressLine3" value="BLOCK #3"/>
        <pdata key="ShippingCityName" value="Atlanta"/>
        <pdata key="ShippingStateCode" value="NY"/>
        <pdata key="ShippingZipCode" value="30346"/>
        <pdata key="ShippingCountry" value="US"/>
      </email>
    </list>
  </template>
</batch>

14:37:16.071 [print] <batch xmlns:pfx="http://services.tmobile.com/csi/email" xmlns:tib="http://www.tibco.com/bw/xslt/custom-functions" xmlns:xsd="http://www.w3.org/2001/XMLSchema" profile="HSOS">
  <template>
    <content mfile="body.html" ref="ORDERSHIPPEDNOTRADEIN" type="text/html"/>
    <header>
      <from address="donotreply@t-mobile.com" name="T-Mobile USA"/>
      <reply address="donotreply@t-mobile.com" name="T-Mobile USA"/>
    </header>
    <list>
      <email id="20190716113644916ORDERSHIPPEDN" id2="ORDERSHIPPEDNOTRADEIN">
        <rcpt address="notifications.test.events+960698182@gmail.com"/>
        <pdata key="FullName" value="John Legere"/>
        <pdata key="OrderNumber" value="79613"/>
        <pdata key="OrderDate" value="7/16/2019"/>
        <pdata key="UpgradeDeviceDescription" value="TestJ-BlackOnyx-32GB"/>
        <pdata key="ShippingTrackingNumber" value="1ZW0Y5911361496530"/>
        <pdata key="CarrierUrl" value="http://wwwapps.ups.com/WebTracking/track?HTMLVersion=5.0&amp;loc=en_US&amp;Requester=UPSHome&amp;WBPM_lid=homepage%2Fct1.html_pnl_trk&amp;track.x=Track&amp;trackNums=1ZW0Y5911361496530"/>
        <pdata key="ShippingMethod" value="UPSExpeditedNextDayAir"/>
        <pdata key="ShippingAddressLine1" value="One Ravinia Drive"/>
        <pdata key="ShippingAddressLine2" value="opp: perimeter mall"/>
        <pdata key="ShippingAddressLine3" value="BLOCK #3"/>
        <pdata key="ShippingCityName" value="Atlanta"/>
        <pdata key="ShippingStateCode" value="NY"/>
        <pdata key="ShippingZipCode" value="30346"/>
        <pdata key="ShippingCountry" value="US"/>
      </email>
    </list>
  </template>
</batch>

14:37:16.078 [print] ActualFullName:John Legere
14:37:16.085 [print] ActualFullName:79613
14:37:16.092 [print] ActualOrderDate:7/16/2019
14:37:16.101 [print] ActualUpgradeDeviceDescription:TestJ-BlackOnyx-32GB
14:37:16.109 [print] ActualShippingTrackingNumber:1ZW0Y5911361496530
14:37:16.117 [print] ActualShippingMethod:UPSExpeditedNextDayAir
14:37:16.127 [print] ActualShippingAddressLine1:One Ravinia Drive
14:37:16.135 [print] ActualShippingAddressLine2:opp: perimeter mall
14:37:16.168 [print] ActualShippingAddressLine3:BLOCK #3
14:37:16.256 [print] ActualShippingCityName:Atlanta
14:37:16.260 [print] ActualShippingStateCode:NY
14:37:16.267 [print] ActualShippingZipCode:30346
14:37:16.275 [print] ActualShippingCountry:US
14:37:16.287 [print] ActualTemplateId:ORDERSHIPPEDNOTRADEIN
14:37:16.297 [print] ActualFullName1:John Legere
14:37:16.312 [print] ActualOrderNumber11:79613
14:37:16.321 [print] ActualOrderDate1:7/16/2019
14:37:16.330 [print] ActualUpgradeDeviceDescription1:TestJ-BlackOnyx-32GB
14:37:16.339 [print] ActualShippingTrackingNumber1:1ZW0Y5911361496530
14:37:16.350 [print] ActualShippingMethod1:UPSExpeditedNextDayAir
14:37:16.356 [print] ActualShippingAddressLine1_1:One Ravinia Drive
14:37:16.366 [print] ActualShippingAddressLine2_1:opp: perimeter mall
14:37:16.378 [print] ActualShippingAddressLine3_1:BLOCK #3
14:37:16.388 [print] ActualShippingCityName1:Atlanta
14:37:16.396 [print] ActualShippingStateCode1:NY
14:37:16.411 [print] ActualShippingZipCode1:30346
14:37:16.419 [print] ActualShippingCountry1:US
14:37:16.428 [print] ActualTemplateId1:ORDERSHIPPEDNOTRADEIN
167 [print] ActualShippingAddressLine1_1:One Ravinia Drive
14:36:43.183 [print] ActualShippingAddressLine2_1:opp: perimeter mall
14:36:43.187 [print] ActualShippingAddressLine3_1:BLOCK #3
14:36:43.191 [print] ActualShippingCityName1:Atlanta
14:36:43.202 [print] ActualShippingStateCode1:CA
14:36:43.209 [print] ActualShippingZipCode1:City2
14:36:43.240 [print] ActualShippingCountry1:US
14:36:43.259 [print] ActualTemplateId1:ORDERSHIPPEDTRADEIN
