14:37:15.360 request:
1 > GET http://historyprocessor-dlab03-nmd.dev.px-npe01.cf.t-mobile.com/dnd/v1/notification?keys=bf7d0942-98b7-49fa-a223-3df09b2529e3
1 > Accept-Encoding: gzip,deflate
1 > Connection: Keep-Alive
1 > Host: historyprocessor-dlab03-nmd.dev.px-npe01.cf.t-mobile.com
1 > User-Agent: Apache-HttpClient/4.5.5 (Java/1.8.0_201)

14:37:15.863 response time in milliseconds: 382.08
1 < 200
1 < Access-Control-Allow-Headers: Content-Type, api_key, Authorization
1 < Access-Control-Allow-Methods: HEAD,POST,GET,OPTIONS,DELETE,PUT,PATCH
1 < Access-Control-Allow-Origin: *
1 < Content-Length: 6124
1 < Content-Type: application/json;charset=UTF-8
1 < Date: Tue, 16 Jul 2019 18:37:15 GMT
1 < Server: Jetty(8.1.16.v20140903)
1 < X-Vcap-Request-Id: 71be58f6-c2ef-43af-5219-d9f3b2d7d850
{"notification":[{"id":"60b3fa64-84b3-4252-9b3d-2c4edfc6a8f7","publisherEventName":"OrderPickedUp","type":"Email","status":"SENT","time":"2019-07-16T11:36:46.793-07:00","reportingId":"201907161136447781939f7a8-342c","publisherId":"bf7d0942-98b7-49fa-a223-3df09b2529e3","recepientInfo":[{"communicationAddress":"order.fulfillment.tmo@gmail.com","communicationLanguage":"en"}],"message":[{"text":"<?xml version=\"1.0\" encoding=\"UTF-8\"?>\n<batch xmlns:pfx=\"http://services.tmobile.com/csi/email\" xmlns:xsd=\"http://www.w3.org/2001/XMLSchema\" xmlns:tib=\"http://www.tibco.com/bw/xslt/custom-functions\" profile=\"HSOS\">\n    <template>\n        <content ref=\"ORDERSHIPPEDNOTRADEIN\" mfile=\"body.html\" type=\"text/html\" />\n        <header>\n            <from address=\"donotreply@t-mobile.com\" name=\"T-Mobile USA\" />\n            <reply address=\"donotreply@t-mobile.com\" name=\"T-Mobile USA\" />\n        </header>\n        <list>\n            <email id2=\"ORDERSHIPPEDNOTRADEIN\" id=\"20190716113646170ORDERSHIPPEDN\">\n                <rcpt address=\"order.fulfillment.tmo@gmail.com\" />\n                <pdata value=\"John Legere\" key=\"FullName\" />\n                <pdata value=\"18150\" key=\"OrderNumber\" />\n                <pdata value=\"7/16/2019\" key=\"OrderDate\" />\n                <pdata value=\"TestJ-BlackOnyx-32GB\" key=\"UpgradeDeviceDescription\" />\n                <pdata value=\"1ZW0Y5911361496530\" key=\"ShippingTrackingNumber\" />\n                <pdata value=\"http://wwwapps.ups.com/WebTracking/track?HTMLVersion=5.0&amp;loc=en_US&amp;Requester=UPSHome&amp;WBPM_lid=homepage%2Fct1.html_pnl_trk&amp;track.x=Track&amp;trackNums=1ZW0Y5911361496530\" key=\"CarrierUrl\" />\n                <pdata value=\"UPSExpeditedNextDayAir\" key=\"ShippingMethod\" />\n                <pdata value=\"One Ravinia Drive\" key=\"ShippingAddressLine1\" />\n                <pdata value=\"opp: perimeter mall\" key=\"ShippingAddressLine2\" />\n                <pdata value=\"BLOCK #3\" key=\"ShippingAddressLine3\" />\n                <pdata value=\"Atlanta\" key=\"ShippingCityName\" />\n                <pdata value=\"CA\" key=\"ShippingStateCode\" />\n                <pdata value=\"30346\" key=\"ShippingZipCode\" />\n                <pdata value=\"US\" key=\"ShippingCountry\" />\n            </email>\n        </list>\n    </template>\n</batch>"}],"category":"Order & Shipping","statusInfo":{}},{"id":"7645260c-491f-4b72-943d-e721961f5fb7","publisherEventName":"OrderPickedUp","type":"SMS","status":"SENT","time":"2019-07-16T11:36:45.5-07:00","reportingId":"2019071611364477888788543-bcb3","publisherId":"bf7d0942-98b7-49fa-a223-3df09b2529e3","recepientInfo":[{"communicationAddress":"9960698182","communicationLanguage":"en"}],"message":[{"language":"en","text":"9960698182,140,en,,,Your T-Mobile order# 18150 has shipped! Visit t-mo.co/shipment to check status of your order. Visit t-mo.co/guide for tips to set-up your new device.,,,,,,,,,,2019071611364477888788543-bcb3"}],"category":"Order & Shipping","statusInfo":{}},{"id":"af891ca2-e890-48c0-b7af-a8348bf5178c","publisherEventName":"OrderPickedUp","type":"Email","status":"SENT","time":"2019-07-16T11:36:45.961-07:00","reportingId":"201907161136447781939f7a8-342c","publisherId":"bf7d0942-98b7-49fa-a223-3df09b2529e3","recepientInfo":[{"communicationAddress":"notifications.test.events+960698182@gmail.com","communicationLanguage":"en"}],"message":[{"text":"<?xml version=\"1.0\" encoding=\"UTF-8\"?>\n<batch xmlns:pfx=\"http://services.tmobile.com/csi/email\" xmlns:xsd=\"http://www.w3.org/2001/XMLSchema\" xmlns:tib=\"http://www.tibco.com/bw/xslt/custom-functions\" profile=\"HSOS\">\n    <template>\n        <content ref=\"ORDERSHIPPEDNOTRADEIN\" mfile=\"body.html\" type=\"text/html\" />\n        <header>\n            <from address=\"donotreply@t-mobile.com\" name=\"T-Mobile USA\" />\n            <reply address=\"donotreply@t-mobile.com\" name=\"T-Mobile USA\" />\n        </header>\n        <list>\n            <email id2=\"ORDERSHIPPEDNOTRADEIN\" id=\"20190716113645098ORDERSHIPPEDN\">\n                <rcpt address=\"notifications.test.events+960698182@gmail.com\" />\n                <pdata value=\"John Legere\" key=\"FullName\" />\n                <pdata value=\"18150\" key=\"OrderNumber\" />\n                <pdata value=\"7/16/2019\" key=\"OrderDate\" />\n                <pdata value=\"TestJ-BlackOnyx-32GB\" key=\"UpgradeDeviceDescription\" />\n                <pdata value=\"1ZW0Y5911361496530\" key=\"ShippingTrackingNumber\" />\n                <pdata value=\"http://wwwapps.ups.com/WebTracking/track?HTMLVersion=5.0&amp;loc=en_US&amp;Requester=UPSHome&amp;WBPM_lid=homepage%2Fct1.html_pnl_trk&amp;track.x=Track&amp;trackNums=1ZW0Y5911361496530\" key=\"CarrierUrl\" />\n                <pdata value=\"UPSExpeditedNextDayAir\" key=\"ShippingMethod\" />\n                <pdata value=\"One Ravinia Drive\" key=\"ShippingAddressLine1\" />\n                <pdata value=\"opp: perimeter mall\" key=\"ShippingAddressLine2\" />\n                <pdata value=\"BLOCK #3\" key=\"ShippingAddressLine3\" />\n                <pdata value=\"Atlanta\" key=\"ShippingCityName\" />\n                <pdata value=\"CA\" key=\"ShippingStateCode\" />\n                <pdata value=\"30346\" key=\"ShippingZipCode\" />\n                <pdata value=\"US\" key=\"ShippingCountry\" />\n            </email>\n        </list>\n    </template>\n</batch>"}],"category":"Order & Shipping","statusInfo":{}},{"id":"afaab878-3319-45d7-b01a-23a7eadf5ba3","publisherEventName":"OrderPickedUp","type":"SMS","status":"SENT","time":"2019-07-16T11:36:45.697-07:00","reportingId":"2019071611364477888788543-bcb3","publisherId":"bf7d0942-98b7-49fa-a223-3df09b2529e3","recepientInfo":[{"communicationAddress":"4046698182","communicationLanguage":"en"}],"message":[{"language":"en","text":"4046698182,140,en,,,Your T-Mobile order# 18150 has shipped! Visit t-mo.co/shipment to check status of your order. Visit t-mo.co/guide for tips to set-up your new device.,,,,,,,,,,2019071611364477888788543-bcb3"}],"category":"Order & Shipping","statusInfo":{}}]}

14:37:15.871 [print] History_Urlhttp://historyprocessor-dlab03-nmd.dev.px-npe01.cf.t-mobile.com/dnd/v1/notification?keys=bf7d0942-98b7-49fa-a223-3df09b2529e3
14:37:15.877 [print]
14:37:15.899 [print] SMS_Data:9960698182,140,en,,,Your T-Mobile order# 18150 has shipped! Visit t-mo.co/shipment to check status of your order. Visit t-mo.co/guide for tips to set-up your new device.,,,,,,,,,,2019071611364477888788543-bcb3
14:37:15.913 [print] SMS_Data1:4046698182,140,en,,,Your T-Mobile order# 18150 has shipped! Visit t-mo.co/shipment to check status of your order. Visit t-mo.co/guide for tips to set-up your new device.,,,,,,,,,,2019071611364477888788543-bcb3
14:37:15.939 [print] <batch xmlns:pfx="http://services.tmobile.com/csi/email" xmlns:tib="http://www.tibco.com/bw/xslt/custom-functions" xmlns:xsd="http://www.w3.org/2001/XMLSchema" profile="HSOS">
  <template>
    <content mfile="body.html" ref="ORDERSHIPPEDNOTRADEIN" type="text/html"/>
    <header>
      <from address="donotreply@t-mobile.com" name="T-Mobile USA"/>
      <reply address="donotreply@t-mobile.com" name="T-Mobile USA"/>
    </header>
    <list>
      <email id="20190716113646170ORDERSHIPPEDN" id2="ORDERSHIPPEDNOTRADEIN">
        <rcpt address="order.fulfillment.tmo@gmail.com"/>
        <pdata key="FullName" value="John Legere"/>
        <pdata key="OrderNumber" value="18150"/>
        <pdata key="OrderDate" value="7/16/2019"/>
        <pdata key="UpgradeDeviceDescription" value="TestJ-BlackOnyx-32GB"/>
        <pdata key="ShippingTrackingNumber" value="1ZW0Y5911361496530"/>
        <pdata key="CarrierUrl" value="http://wwwapps.ups.com/WebTracking/track?HTMLVersion=5.0&amp;loc=en_US&amp;Requester=UPSHome&amp;WBPM_lid=homepage%2Fct1.html_pnl_trk&amp;track.x=Track&amp;trackNums=1ZW0Y5911361496530"/>
        <pdata key="ShippingMethod" value="UPSExpeditedNextDayAir"/>
        <pdata key="ShippingAddressLine1" value="One Ravinia Drive"/>
        <pdata key="ShippingAddressLine2" value="opp: perimeter mall"/>
        <pdata key="ShippingAddressLine3" value="BLOCK #3"/>
        <pdata key="ShippingCityName" value="Atlanta"/>
        <pdata key="ShippingStateCode" value="CA"/>
        <pdata key="ShippingZipCode" value="30346"/>
        <pdata key="ShippingCountry" value="US"/>
      </email>
    </list>
  </template>
</batch>

14:37:15.951 [print] <batch xmlns:pfx="http://services.tmobile.com/csi/email" xmlns:tib="http://www.tibco.com/bw/xslt/custom-functions" xmlns:xsd="http://www.w3.org/2001/XMLSchema" profile="HSOS">
  <template>
    <content mfile="body.html" ref="ORDERSHIPPEDNOTRADEIN" type="text/html"/>
    <header>
      <from address="donotreply@t-mobile.com" name="T-Mobile USA"/>
      <reply address="donotreply@t-mobile.com" name="T-Mobile USA"/>
    </header>
    <list>
      <email id="20190716113646170ORDERSHIPPEDN" id2="ORDERSHIPPEDNOTRADEIN">
        <rcpt address="order.fulfillment.tmo@gmail.com"/>
        <pdata key="FullName" value="John Legere"/>
        <pdata key="OrderNumber" value="18150"/>
        <pdata key="OrderDate" value="7/16/2019"/>
        <pdata key="UpgradeDeviceDescription" value="TestJ-BlackOnyx-32GB"/>
        <pdata key="ShippingTrackingNumber" value="1ZW0Y5911361496530"/>
        <pdata key="CarrierUrl" value="http://wwwapps.ups.com/WebTracking/track?HTMLVersion=5.0&amp;loc=en_US&amp;Requester=UPSHome&amp;WBPM_lid=homepage%2Fct1.html_pnl_trk&amp;track.x=Track&amp;trackNums=1ZW0Y5911361496530"/>
        <pdata key="ShippingMethod" value="UPSExpeditedNextDayAir"/>
        <pdata key="ShippingAddressLine1" value="One Ravinia Drive"/>
        <pdata key="ShippingAddressLine2" value="opp: perimeter mall"/>
        <pdata key="ShippingAddressLine3" value="BLOCK #3"/>
        <pdata key="ShippingCityName" value="Atlanta"/>
        <pdata key="ShippingStateCode" value="CA"/>
        <pdata key="ShippingZipCode" value="30346"/>
        <pdata key="ShippingCountry" value="US"/>
      </email>
    </list>
  </template>
</batch>

t>
  </template>
</batch>

