14:37:15.359 request:
1 > GET http://historyprocessor-dlab03-nmd.dev.px-npe01.cf.t-mobile.com/dnd/v1/notification?keys=b644bcfb-f14c-4ca5-8699-15c85f3259ea
1 > Accept-Encoding: gzip,deflate
1 > Connection: Keep-Alive
1 > Host: historyprocessor-dlab03-nmd.dev.px-npe01.cf.t-mobile.com
1 > User-Agent: Apache-HttpClient/4.5.5 (Java/1.8.0_201)

14:37:15.884 response time in milliseconds: 407.77
1 < 200
1 < Access-Control-Allow-Headers: Content-Type, api_key, Authorization
1 < Access-Control-Allow-Methods: HEAD,POST,GET,OPTIONS,DELETE,PUT,PATCH
1 < Access-Control-Allow-Origin: *
1 < Content-Length: 6126
1 < Content-Type: application/json;charset=UTF-8
1 < Date: Tue, 16 Jul 2019 18:37:15 GMT
1 < Server: Jetty(8.1.16.v20140903)
1 < X-Vcap-Request-Id: 602e4df7-0770-40ef-51fa-7ae076eb4267
{"notification":[{"id":"01a57ba7-18a2-47ab-b789-a762eef95659","publisherEventName":"OrderPickedUp","type":"SMS","status":"SENT","time":"2019-07-16T11:36:45.092-07:00","reportingId":"2019071611364460288788543-bcb3","publisherId":"b644bcfb-f14c-4ca5-8699-15c85f3259ea","recepientInfo":[{"communicationAddress":"4046698182","communicationLanguage":"en"}],"message":[{"language":"en","text":"4046698182,140,en,,,Your T-Mobile order# 79613 has shipped! Visit t-mo.co/shipment to check status of your order. Visit t-mo.co/guide for tips to set-up your new device.,,,,,,,,,,2019071611364460288788543-bcb3"}],"category":"Order & Shipping","statusInfo":{}},{"id":"415514de-2ef9-4910-8697-c0afd3cd6380","publisherEventName":"OrderPickedUp","type":"SMS","status":"SENT","time":"2019-07-16T11:36:45.093-07:00","reportingId":"2019071611364460288788543-bcb3","publisherId":"b644bcfb-f14c-4ca5-8699-15c85f3259ea","recepientInfo":[{"communicationAddress":"9960698182","communicationLanguage":"en"}],"message":[{"language":"en","text":"9960698182,140,en,,,Your T-Mobile order# 79613 has shipped! Visit t-mo.co/shipment to check status of your order. Visit t-mo.co/guide for tips to set-up your new device.,,,,,,,,,,2019071611364460288788543-bcb3"}],"category":"Order & Shipping","statusInfo":{}},{"id":"4b304dea-3b61-4597-8d53-13b6bb4d2a83","publisherEventName":"OrderPickedUp","type":"Email","status":"SENT","time":"2019-07-16T11:36:45.815-07:00","reportingId":"201907161136446021939f7a8-342c","publisherId":"b644bcfb-f14c-4ca5-8699-15c85f3259ea","recepientInfo":[{"communicationAddress":"notifications.test.events+960698182@gmail.com","communicationLanguage":"en"}],"message":[{"text":"<?xml version=\"1.0\" encoding=\"UTF-8\"?>\n<batch xmlns:pfx=\"http://services.tmobile.com/csi/email\" xmlns:xsd=\"http://www.w3.org/2001/XMLSchema\" xmlns:tib=\"http://www.tibco.com/bw/xslt/custom-functions\" profile=\"HSOS\">\n    <template>\n        <content ref=\"ORDERSHIPPEDNOTRADEIN\" mfile=\"body.html\" type=\"text/html\" />\n        <header>\n            <from address=\"donotreply@t-mobile.com\" name=\"T-Mobile USA\" />\n            <reply address=\"donotreply@t-mobile.com\" name=\"T-Mobile USA\" />\n        </header>\n        <list>\n            <email id2=\"ORDERSHIPPEDNOTRADEIN\" id=\"20190716113644916ORDERSHIPPEDN\">\n                <rcpt address=\"notifications.test.events+960698182@gmail.com\" />\n                <pdata value=\"John Legere\" key=\"FullName\" />\n                <pdata value=\"79613\" key=\"OrderNumber\" />\n                <pdata value=\"7/16/2019\" key=\"OrderDate\" />\n                <pdata value=\"TestJ-BlackOnyx-32GB\" key=\"UpgradeDeviceDescription\" />\n                <pdata value=\"1ZW0Y5911361496530\" key=\"ShippingTrackingNumber\" />\n                <pdata value=\"http://wwwapps.ups.com/WebTracking/track?HTMLVersion=5.0&amp;loc=en_US&amp;Requester=UPSHome&amp;WBPM_lid=homepage%2Fct1.html_pnl_trk&amp;track.x=Track&amp;trackNums=1ZW0Y5911361496530\" key=\"CarrierUrl\" />\n                <pdata value=\"UPSExpeditedNextDayAir\" key=\"ShippingMethod\" />\n                <pdata value=\"One Ravinia Drive\" key=\"ShippingAddressLine1\" />\n                <pdata value=\"opp: perimeter mall\" key=\"ShippingAddressLine2\" />\n                <pdata value=\"BLOCK #3\" key=\"ShippingAddressLine3\" />\n                <pdata value=\"Atlanta\" key=\"ShippingCityName\" />\n                <pdata value=\"NY\" key=\"ShippingStateCode\" />\n                <pdata value=\"30346\" key=\"ShippingZipCode\" />\n                <pdata value=\"US\" key=\"ShippingCountry\" />\n            </email>\n        </list>\n    </template>\n</batch>"}],"category":"Order & Shipping","statusInfo":{}},{"id":"4eaacf5e-6b35-45b3-b571-4ece43202a1c","publisherEventName":"OrderPickedUp","type":"Email","status":"SENT","time":"2019-07-16T11:36:45.769-07:00","reportingId":"201907161136446021939f7a8-342c","publisherId":"b644bcfb-f14c-4ca5-8699-15c85f3259ea","recepientInfo":[{"communicationAddress":"order.fulfillment.tmo@gmail.com","communicationLanguage":"en"}],"message":[{"text":"<?xml version=\"1.0\" encoding=\"UTF-8\"?>\n<batch xmlns:pfx=\"http://services.tmobile.com/csi/email\" xmlns:xsd=\"http://www.w3.org/2001/XMLSchema\" xmlns:tib=\"http://www.tibco.com/bw/xslt/custom-functions\" profile=\"HSOS\">\n    <template>\n        <content ref=\"ORDERSHIPPEDNOTRADEIN\" mfile=\"body.html\" type=\"text/html\" />\n        <header>\n            <from address=\"donotreply@t-mobile.com\" name=\"T-Mobile USA\" />\n            <reply address=\"donotreply@t-mobile.com\" name=\"T-Mobile USA\" />\n        </header>\n        <list>\n            <email id2=\"ORDERSHIPPEDNOTRADEIN\" id=\"20190716113644969ORDERSHIPPEDN\">\n                <rcpt address=\"order.fulfillment.tmo@gmail.com\" />\n                <pdata value=\"John Legere\" key=\"FullName\" />\n                <pdata value=\"79613\" key=\"OrderNumber\" />\n                <pdata value=\"7/16/2019\" key=\"OrderDate\" />\n                <pdata value=\"TestJ-BlackOnyx-32GB\" key=\"UpgradeDeviceDescription\" />\n                <pdata value=\"1ZW0Y5911361496530\" key=\"ShippingTrackingNumber\" />\n                <pdata value=\"http://wwwapps.ups.com/WebTracking/track?HTMLVersion=5.0&amp;loc=en_US&amp;Requester=UPSHome&amp;WBPM_lid=homepage%2Fct1.html_pnl_trk&amp;track.x=Track&amp;trackNums=1ZW0Y5911361496530\" key=\"CarrierUrl\" />\n                <pdata value=\"UPSExpeditedNextDayAir\" key=\"ShippingMethod\" />\n                <pdata value=\"One Ravinia Drive\" key=\"ShippingAddressLine1\" />\n                <pdata value=\"opp: perimeter mall\" key=\"ShippingAddressLine2\" />\n                <pdata value=\"BLOCK #3\" key=\"ShippingAddressLine3\" />\n                <pdata value=\"Atlanta\" key=\"ShippingCityName\" />\n                <pdata value=\"NY\" key=\"ShippingStateCode\" />\n                <pdata value=\"30346\" key=\"ShippingZipCode\" />\n                <pdata value=\"US\" key=\"ShippingCountry\" />\n            </email>\n        </list>\n    </template>\n</batch>"}],"category":"Order & Shipping","statusInfo":{}}]}

14:37:15.887 [print] History_Urlhttp://historyprocessor-dlab03-nmd.dev.px-npe01.cf.t-mobile.com/dnd/v1/notification?keys=b644bcfb-f14c-4ca5-8699-15c85f3259ea
14:37:15.892 [print]
14:37:15.899 [print] SMS_Data:4046698182,140,en,,,Your T-Mobile order# 79613 has shipped! Visit t-mo.co/shipment to check status of your order. Visit t-mo.co/guide for tips to set-up your new device.,,,,,,,,,,2019071611364460288788543-bcb3
14:37:15.912 [print] SMS_Data1:9960698182,140,en,,,Your T-Mobile order# 79613 has shipped! Visit t-mo.co/shipment to check status of your order. Visit t-mo.co/guide for tips to set-up your new device.,,,,,,,,,,2019071611364460288788543-bcb3
14:37:15.940 [print] <batch xmlns:pfx="http://services.tmobile.com/csi/email" xmlns:tib="http://www.tibco.com/bw/xslt/custom-functions" xmlns:xsd="http://www.w3.org/2001/XMLSchema" profile="HSOS">
  <template>
    <content mfile="body.html" ref="ORDERSHIPPEDNOTRADEIN" type="text/html"/>
    <header>
      <from address="donotreply@t-mobile.com" name="T-Mobile USA"/>
      <reply address="donotreply@t-mobile.com" name="T-Mobile USA"/>
    </header>
    <list>
      <email id="20190716113644916ORDERSHIPPEDN" id2="ORDERSHIPPEDNOTRADEIN">
        <rcpt address="notifications.test.events+960698182@gmail.com"/>
        <pdata key="FullName" value="John Legere"/>
        <pdata key="OrderNumber" value="79613"/>
        <pdata key="OrderDate" value="7/16/2019"/>
        <pdata key="UpgradeDeviceDescription" value="TestJ-BlackOnyx-32GB"/>
        <pdata key="ShippingTrackingNumber" value="1ZW0Y5911361496530"/>
        <pdata key="CarrierUrl" value="http://wwwapps.ups.com/WebTracking/track?HTMLVersion=5.0&amp;loc=en_US&amp;Requester=UPSHome&amp;WBPM_lid=homepage%2Fct1.html_pnl_trk&amp;track.x=Track&amp;trackNums=1ZW0Y5911361496530"/>
        <pdata key="ShippingMethod" value="UPSExpeditedNextDayAir"/>
        <pdata key="ShippingAddressLine1" value="One Ravinia Drive"/>
        <pdata key="ShippingAddressLine2" value="opp: perimeter mall"/>
        <pdata key="ShippingAddressLine3" value="BLOCK #3"/>
        <pdata key="ShippingCityName" value="Atlanta"/>
        <pdata key="ShippingStateCode" value="NY"/>
        <pdata key="ShippingZipCode" value="30346"/>
        <pdata key="ShippingCountry" value="US"/>
      </email>
    </list>
  </template>
</batch>

14:37:15.951 [print] <batch xmlns:pfx="http://services.tmobile.com/csi/email" xmlns:tib="http://www.tibco.com/bw/xslt/custom-functions" xmlns:xsd="http://www.w3.org/2001/XMLSchema" profile="HSOS">
  <template>
    <content mfile="body.html" ref="ORDERSHIPPEDNOTRADEIN" type="text/html"/>
    <header>
      <from address="donotreply@t-mobile.com" name="T-Mobile USA"/>
      <reply address="donotreply@t-mobile.com" name="T-Mobile USA"/>
    </header>
    <list>
      <email id="20190716113644916ORDERSHIPPEDN" id2="ORDERSHIPPEDNOTRADEIN">
        <rcpt address="notifications.test.events+960698182@gmail.com"/>
        <pdata key="FullName" value="John Legere"/>
        <pdata key="OrderNumber" value="79613"/>
        <pdata key="OrderDate" value="7/16/2019"/>
        <pdata key="UpgradeDeviceDescription" value="TestJ-BlackOnyx-32GB"/>
        <pdata key="ShippingTrackingNumber" value="1ZW0Y5911361496530"/>
        <pdata key="CarrierUrl" value="http://wwwapps.ups.com/WebTracking/track?HTMLVersion=5.0&amp;loc=en_US&amp;Requester=UPSHome&amp;WBPM_lid=homepage%2Fct1.html_pnl_trk&amp;track.x=Track&amp;trackNums=1ZW0Y5911361496530"/>
        <pdata key="ShippingMethod" value="UPSExpeditedNextDayAir"/>
        <pdata key="ShippingAddressLine1" value="One Ravinia Drive"/>
        <pdata key="ShippingAddressLine2" value="opp: perimeter mall"/>
        <pdata key="ShippingAddressLine3" value="BLOCK #3"/>
        <pdata key="ShippingCityName" value="Atlanta"/>
        <pdata key="ShippingStateCode" value="NY"/>
        <pdata key="ShippingZipCode" value="30346"/>
        <pdata key="ShippingCountry" value="US"/>
      </email>
    </list>
  </template>
</batch>

apps.ups.com/WebTracking/track?HTMLVersion=5.0&amp;loc=en_US&amp;Requester=UPSHome&amp;WBPM_lid=homepage%2Fct1.html_pnl_trk&amp;track.x=Track&amp;trackNums=1ZW0Y5911361496530"/>
        <pdata key="ShippingMethod" value="UPS Ground (5-7 business days)"/>
        <pdata key="ShippingAddressLine1" value="One Ravinia Drive"/>
        <pdata key="ShippingAddressLine2" value="opp: perimeter mall"/>
        <pdata key="ShippingAddressLine3" value="BLOCK #3"/>
        <pdata key="ShippingCityName" value="Atlanta"/>
        <pdata key="ShippingStateCode" value="CA"/>
        <pdata key="ShippingZipCode" value="City2"/>
        <pdata key="ShippingCountry" value="US"/>
        <pdata key="TradeInOldDeviceDesc" value="Apple  iPhone 6s - Gold - 32GB"/>
        <pdata key="TradeInDeviceReturndate" value="8/15/2019"/>
        <pdata key="TradeInPromoOneTimeCredit" value="0.00"/>
      </email>
    </list>
  </template>
</batch>

