14:37:15.704 request:
1 > GET http://historyprocessor-dlab03-nmd.dev.px-npe01.cf.t-mobile.com/dnd/v1/notification?keys=bc86f63a-7b0d-4707-a898-b67d077d8687
1 > Accept-Encoding: gzip,deflate
1 > Connection: Keep-Alive
1 > Host: historyprocessor-dlab03-nmd.dev.px-npe01.cf.t-mobile.com
1 > User-Agent: Apache-HttpClient/4.5.5 (Java/1.8.0_201)

14:37:16.161 response time in milliseconds: 333.93
1 < 200
1 < Access-Control-Allow-Headers: Content-Type, api_key, Authorization
1 < Access-Control-Allow-Methods: HEAD,POST,GET,OPTIONS,DELETE,PUT,PATCH
1 < Access-Control-Allow-Origin: *
1 < Content-Length: 6126
1 < Content-Type: application/json;charset=UTF-8
1 < Date: Tue, 16 Jul 2019 18:37:15 GMT
1 < Server: Jetty(8.1.16.v20140903)
1 < X-Vcap-Request-Id: 6a3b3c67-195c-4b18-65f7-f0339033020e
{"notification":[{"id":"5746d170-3aa5-4c0c-852c-c331d7ac199c","publisherEventName":"OrderPickedUp","type":"Email","status":"SENT","time":"2019-07-16T11:36:46.908-07:00","reportingId":"201907161136449311939f7a8-342c","publisherId":"bc86f63a-7b0d-4707-a898-b67d077d8687","recepientInfo":[{"communicationAddress":"notifications.test.events+960698182@gmail.com","communicationLanguage":"en"}],"message":[{"text":"<?xml version=\"1.0\" encoding=\"UTF-8\"?>\n<batch xmlns:pfx=\"http://services.tmobile.com/csi/email\" xmlns:xsd=\"http://www.w3.org/2001/XMLSchema\" xmlns:tib=\"http://www.tibco.com/bw/xslt/custom-functions\" profile=\"HSOS\">\n    <template>\n        <content ref=\"ORDERSHIPPEDNOTRADEIN\" mfile=\"body.html\" type=\"text/html\" />\n        <header>\n            <from address=\"donotreply@t-mobile.com\" name=\"T-Mobile USA\" />\n            <reply address=\"donotreply@t-mobile.com\" name=\"T-Mobile USA\" />\n        </header>\n        <list>\n            <email id2=\"ORDERSHIPPEDNOTRADEIN\" id=\"20190716113646259ORDERSHIPPEDN\">\n                <rcpt address=\"notifications.test.events+960698182@gmail.com\" />\n                <pdata value=\"John Legere\" key=\"FullName\" />\n                <pdata value=\"23758\" key=\"OrderNumber\" />\n                <pdata value=\"7/16/2019\" key=\"OrderDate\" />\n                <pdata value=\"TestJ-BlackOnyx-32GB\" key=\"UpgradeDeviceDescription\" />\n                <pdata value=\"1ZW0Y5911361496530\" key=\"ShippingTrackingNumber\" />\n                <pdata value=\"http://wwwapps.ups.com/WebTracking/track?HTMLVersion=5.0&amp;loc=en_US&amp;Requester=UPSHome&amp;WBPM_lid=homepage%2Fct1.html_pnl_trk&amp;track.x=Track&amp;trackNums=1ZW0Y5911361496530\" key=\"CarrierUrl\" />\n                <pdata value=\"UPSExpeditedNextDayAir\" key=\"ShippingMethod\" />\n                <pdata value=\"One Ravinia Drive\" key=\"ShippingAddressLine1\" />\n                <pdata value=\"opp: perimeter mall\" key=\"ShippingAddressLine2\" />\n                <pdata value=\"BLOCK #3\" key=\"ShippingAddressLine3\" />\n                <pdata value=\"Atlanta\" key=\"ShippingCityName\" />\n                <pdata value=\"TX\" key=\"ShippingStateCode\" />\n                <pdata value=\"30346\" key=\"ShippingZipCode\" />\n                <pdata value=\"US\" key=\"ShippingCountry\" />\n            </email>\n        </list>\n    </template>\n</batch>"}],"category":"Order & Shipping","statusInfo":{}},{"id":"71ccd308-e28f-451e-a0c5-45eead5872e2","publisherEventName":"OrderPickedUp","type":"Email","status":"SENT","time":"2019-07-16T11:36:46.611-07:00","reportingId":"201907161136449311939f7a8-342c","publisherId":"bc86f63a-7b0d-4707-a898-b67d077d8687","recepientInfo":[{"communicationAddress":"order.fulfillment.tmo@gmail.com","communicationLanguage":"en"}],"message":[{"text":"<?xml version=\"1.0\" encoding=\"UTF-8\"?>\n<batch xmlns:pfx=\"http://services.tmobile.com/csi/email\" xmlns:xsd=\"http://www.w3.org/2001/XMLSchema\" xmlns:tib=\"http://www.tibco.com/bw/xslt/custom-functions\" profile=\"HSOS\">\n    <template>\n        <content ref=\"ORDERSHIPPEDNOTRADEIN\" mfile=\"body.html\" type=\"text/html\" />\n        <header>\n            <from address=\"donotreply@t-mobile.com\" name=\"T-Mobile USA\" />\n            <reply address=\"donotreply@t-mobile.com\" name=\"T-Mobile USA\" />\n        </header>\n        <list>\n            <email id2=\"ORDERSHIPPEDNOTRADEIN\" id=\"20190716113645977ORDERSHIPPEDN\">\n                <rcpt address=\"order.fulfillment.tmo@gmail.com\" />\n                <pdata value=\"John Legere\" key=\"FullName\" />\n                <pdata value=\"23758\" key=\"OrderNumber\" />\n                <pdata value=\"7/16/2019\" key=\"OrderDate\" />\n                <pdata value=\"TestJ-BlackOnyx-32GB\" key=\"UpgradeDeviceDescription\" />\n                <pdata value=\"1ZW0Y5911361496530\" key=\"ShippingTrackingNumber\" />\n                <pdata value=\"http://wwwapps.ups.com/WebTracking/track?HTMLVersion=5.0&amp;loc=en_US&amp;Requester=UPSHome&amp;WBPM_lid=homepage%2Fct1.html_pnl_trk&amp;track.x=Track&amp;trackNums=1ZW0Y5911361496530\" key=\"CarrierUrl\" />\n                <pdata value=\"UPSExpeditedNextDayAir\" key=\"ShippingMethod\" />\n                <pdata value=\"One Ravinia Drive\" key=\"ShippingAddressLine1\" />\n                <pdata value=\"opp: perimeter mall\" key=\"ShippingAddressLine2\" />\n                <pdata value=\"BLOCK #3\" key=\"ShippingAddressLine3\" />\n                <pdata value=\"Atlanta\" key=\"ShippingCityName\" />\n                <pdata value=\"TX\" key=\"ShippingStateCode\" />\n                <pdata value=\"30346\" key=\"ShippingZipCode\" />\n                <pdata value=\"US\" key=\"ShippingCountry\" />\n            </email>\n        </list>\n    </template>\n</batch>"}],"category":"Order & Shipping","statusInfo":{}},{"id":"7b224d1a-720c-481e-8fe2-e9fa5b4a25f3","publisherEventName":"OrderPickedUp","type":"SMS","status":"SENT","time":"2019-07-16T11:36:45.389-07:00","reportingId":"2019071611364493188788543-bcb3","publisherId":"bc86f63a-7b0d-4707-a898-b67d077d8687","recepientInfo":[{"communicationAddress":"9960698182","communicationLanguage":"en"}],"message":[{"language":"en","text":"9960698182,140,en,,,Your T-Mobile order# 23758 has shipped! Visit t-mo.co/shipment to check status of your order. Visit t-mo.co/guide for tips to set-up your new device.,,,,,,,,,,2019071611364493188788543-bcb3"}],"category":"Order & Shipping","statusInfo":{}},{"id":"d9c0c41c-e03d-47cf-9040-292d2f8d6e1f","publisherEventName":"OrderPickedUp","type":"SMS","status":"SENT","time":"2019-07-16T11:36:45.482-07:00","reportingId":"2019071611364493188788543-bcb3","publisherId":"bc86f63a-7b0d-4707-a898-b67d077d8687","recepientInfo":[{"communicationAddress":"4046698182","communicationLanguage":"en"}],"message":[{"language":"en","text":"4046698182,140,en,,,Your T-Mobile order# 23758 has shipped! Visit t-mo.co/shipment to check status of your order. Visit t-mo.co/guide for tips to set-up your new device.,,,,,,,,,,2019071611364493188788543-bcb3"}],"category":"Order & Shipping","statusInfo":{}}]}

14:37:16.168 [print] History_Urlhttp://historyprocessor-dlab03-nmd.dev.px-npe01.cf.t-mobile.com/dnd/v1/notification?keys=bc86f63a-7b0d-4707-a898-b67d077d8687
14:37:16.169 [print]
14:37:16.174 [print] SMS_Data:9960698182,140,en,,,Your T-Mobile order# 23758 has shipped! Visit t-mo.co/shipment to check status of your order. Visit t-mo.co/guide for tips to set-up your new device.,,,,,,,,,,2019071611364493188788543-bcb3
14:37:16.175 [print] SMS_Data1:4046698182,140,en,,,Your T-Mobile order# 23758 has shipped! Visit t-mo.co/shipment to check status of your order. Visit t-mo.co/guide for tips to set-up your new device.,,,,,,,,,,2019071611364493188788543-bcb3
14:37:16.225 [print] <batch xmlns:pfx="http://services.tmobile.com/csi/email" xmlns:tib="http://www.tibco.com/bw/xslt/custom-functions" xmlns:xsd="http://www.w3.org/2001/XMLSchema" profile="HSOS">
  <template>
    <content mfile="body.html" ref="ORDERSHIPPEDNOTRADEIN" type="text/html"/>
    <header>
      <from address="donotreply@t-mobile.com" name="T-Mobile USA"/>
      <reply address="donotreply@t-mobile.com" name="T-Mobile USA"/>
    </header>
    <list>
      <email id="20190716113646259ORDERSHIPPEDN" id2="ORDERSHIPPEDNOTRADEIN">
        <rcpt address="notifications.test.events+960698182@gmail.com"/>
        <pdata key="FullName" value="John Legere"/>
        <pdata key="OrderNumber" value="23758"/>
        <pdata key="OrderDate" value="7/16/2019"/>
        <pdata key="UpgradeDeviceDescription" value="TestJ-BlackOnyx-32GB"/>
        <pdata key="ShippingTrackingNumber" value="1ZW0Y5911361496530"/>
        <pdata key="CarrierUrl" value="http://wwwapps.ups.com/WebTracking/track?HTMLVersion=5.0&amp;loc=en_US&amp;Requester=UPSHome&amp;WBPM_lid=homepage%2Fct1.html_pnl_trk&amp;track.x=Track&amp;trackNums=1ZW0Y5911361496530"/>
        <pdata key="ShippingMethod" value="UPSExpeditedNextDayAir"/>
        <pdata key="ShippingAddressLine1" value="One Ravinia Drive"/>
        <pdata key="ShippingAddressLine2" value="opp: perimeter mall"/>
        <pdata key="ShippingAddressLine3" value="BLOCK #3"/>
        <pdata key="ShippingCityName" value="Atlanta"/>
        <pdata key="ShippingStateCode" value="TX"/>
        <pdata key="ShippingZipCode" value="30346"/>
        <pdata key="ShippingCountry" value="US"/>
      </email>
    </list>
  </template>
</batch>

14:37:16.229 [print] <batch xmlns:pfx="http://services.tmobile.com/csi/email" xmlns:tib="http://www.tibco.com/bw/xslt/custom-functions" xmlns:xsd="http://www.w3.org/2001/XMLSchema" profile="HSOS">
  <template>
    <content mfile="body.html" ref="ORDERSHIPPEDNOTRADEIN" type="text/html"/>
    <header>
      <from address="donotreply@t-mobile.com" name="T-Mobile USA"/>
      <reply address="donotreply@t-mobile.com" name="T-Mobile USA"/>
    </header>
    <list>
      <email id="20190716113646259ORDERSHIPPEDN" id2="ORDERSHIPPEDNOTRADEIN">
        <rcpt address="notifications.test.events+960698182@gmail.com"/>
        <pdata key="FullName" value="John Legere"/>
        <pdata key="OrderNumber" value="23758"/>
        <pdata key="OrderDate" value="7/16/2019"/>
        <pdata key="UpgradeDeviceDescription" value="TestJ-BlackOnyx-32GB"/>
        <pdata key="ShippingTrackingNumber" value="1ZW0Y5911361496530"/>
        <pdata key="CarrierUrl" value="http://wwwapps.ups.com/WebTracking/track?HTMLVersion=5.0&amp;loc=en_US&amp;Requester=UPSHome&amp;WBPM_lid=homepage%2Fct1.html_pnl_trk&amp;track.x=Track&amp;trackNums=1ZW0Y5911361496530"/>
        <pdata key="ShippingMethod" value="UPSExpeditedNextDayAir"/>
        <pdata key="ShippingAddressLine1" value="One Ravinia Drive"/>
        <pdata key="ShippingAddressLine2" value="opp: perimeter mall"/>
        <pdata key="ShippingAddressLine3" value="BLOCK #3"/>
        <pdata key="ShippingCityName" value="Atlanta"/>
        <pdata key="ShippingStateCode" value="TX"/>
        <pdata key="ShippingZipCode" value="30346"/>
        <pdata key="ShippingCountry" value="US"/>
      </email>
    </list>
  </template>
</batch>

