14:36:10.156 request:
1 > POST https://deep-gateway-development.dev.px-npe01.cf.t-mobile.com/dlab03/deep/v1/events/OrderPickedUp
1 > Accept-Encoding: gzip,deflate
1 > Connection: Keep-Alive
1 > Content-Length: 1944
1 > Content-Type: application/json; charset=UTF-8
1 > Host: deep-gateway-development.dev.px-npe01.cf.t-mobile.com
1 > User-Agent: Apache-HttpClient/4.5.5 (Java/1.8.0_201)
{"auditInfo":{"orderId":"6109844689"},"eventId":"63decfea-1ac6-4c81-acc3-a88d7ea97ca4","eventProducerId":"OrderFulfillmentDTD","eventTime":"2019-07-16T14:36:09Z","eventType":"OrderPickedUp","payload":{"orderId":"69655","metadata":{"lastModified":"2019-07-16T04:47:34.505-07:00"},"keys":[{}],"salesInfo":{"senderSystemId":"MYTMO","salesChannel":"WEB","applicationId":"ESERVICE"},"creationTime":"2019-07-16T15:30:34Z","shippingDetails":[{"trackingNumber":"1ZW0Y5911361496530","freightCarrier":"UPS","description":"UPSExpeditedNextDayAir","shipTo":{"firstName":"ALLASANI"},"estimatedDelivery":{"startDate":"2019-07-16","endDate":"2019-07-18"}}],"status":"Running","orderLineCollection":{"orderLines":[{"orderLineId":"1","offer":{"productType":"Device","productSubTypes":["Handset"],"unitPrice":649.99,"offerDescription":"TestJ-BlackOnyx-32GB","products":[{"variants":[{"sku":"888462500470"}]}]},"lineId":"1","quantity":1,"transactionType":"CHANGEDEVICE","fulfillmentType":"SHP"},{"orderLineId":"2","offer":{},"lineId":"1","quantity":1,"transactionType":"CHANGEDEVICE"}]},"accounts":[{"accountNumber":"960844689","accountType":"INDIVIDUAL","accountSubType":"INDIVIDUAL_REGULAR","contactFirstName":"John","contactFamilyName":"Legere"}],"lines":[{"lineId":"1","phoneNumber":"4046844689","promotions":[{}],"eipIndicator":false}],"customerProfile":{"preferredLanguage":"en","phoneNumbers":[{"phoneNumber":"4046844689","purposes":["Receipt"]}],"emailCommunications":[{"emailAddress":"order.fulfillment.tmo@gmail.com","purposes":["Receipt"]}]},"addresses":[{"addressLine1":"One Ravinia Drive","addressLine2":"opp: perimeter mall","addressLine3":"BLOCK #3","cityName":"City1","stateCode":"GA","zip":"30345","countryCode":"US","purposes":["Shipping"]},{"addressLine1":"1 RAVINIA DR","addressLine2":"Building #2","addressLine3":"7th Floor","cityName":"Atlanta","stateCode":"GA","zip":"30346","countryCode":"US","purposes":["Billing"]}]},"specifications":[]}

14:36:11.204 response time in milliseconds: 1047.12
1 < 200
1 < Content-Length: 102
1 < Content-Type: application/json;charset=UTF-8
1 < Date: Tue, 16 Jul 2019 18:36:10 GMT
1 < X-Application-Context: deep-gateway:development,cloud:1
1 < X-Vcap-Request-Id: fb3cc17e-ed4f-4012-650c-51213ede3b23
{"message":"Message Published Successfully","status":"200","timestamp":"Tue Jul 16 18:36:10 UTC 2019"}

14:36:11.206 [print] DeepStatus: Passed
14:36:12.207 0 
14:36:13.209 1.0 
14:36:14.210 2.0 
14:36:15.211 3.0 
14:36:16.213 4.0 
14:36:17.213 5.0 
14:36:18.214 6.0 
14:36:19.216 7.0 
14:36:20.217 8.0 
14:36:21.219 9.0 
14:36:22.219 10.0 
14:36:23.220 11.0 
14:36:24.221 12.0 
14:36:25.223 13.0 
14:36:26.223 14.0 
14:36:27.224 15.0 
14:36:28.224 16.0 
14:36:29.226 17.0 
14:36:30.226 18.0 
14:36:31.228 19.0 
14:36:32.230 20.0 
14:36:33.231 21.0 
14:36:34.231 22.0 
14:36:35.232 23.0 
14:36:36.234 24.0 
14:36:37.235 25.0 
14:36:38.235 26.0 
14:36:39.236 27.0 
14:36:40.236 28.0 
14:36:41.238 29.0 
14:36:42.238 30.0 
6:19.918 8.0 
14:26:20.918 9.0 
14:26:21.919 10.0 
14:26:22.920 11.0 
14:26:23.921 12.0 
14:26:24.921 13.0 
14:26:25.922 14.0 
14:26:26.923 15.0 
14:26:27.924 16.0 
14:26:28.925 17.0 
14:26:29.925 18.0 
14:26:30.925 19.0 
14:26:31.925 20.0 
14:26:32.926 21.0 
14:26:33.926 22.0 
14:26:34.927 23.0 
14:26:35.927 24.0 
14:26:36.929 25.0 
14:26:37.929 26.0 
14:26:38.930 27.0 
14:26:39.930 28.0 
14:26:40.931 29.0 
14:26:41.932 30.0 
