14:37:16.337 [print] <batch xmlns:pfx="http://services.tmobile.com/csi/email" xmlns:tib="http://www.tibco.com/bw/xslt/custom-functions" xmlns:xsd="http://www.w3.org/2001/XMLSchema" profile="HSOS">
  <template>
    <content mfile="body.html" ref="ORDERSHIPPEDNOTRADEIN" type="text/html"/>
    <header>
      <from address="donotreply@t-mobile.com" name="T-Mobile USA"/>
      <reply address="donotreply@t-mobile.com" name="T-Mobile USA"/>
    </header>
    <list>
      <email id="20190716113646259ORDERSHIPPEDN" id2="ORDERSHIPPEDNOTRADEIN">
        <rcpt address="notifications.test.events+960698182@gmail.com"/>
        <pdata key="FullName" value="John Legere"/>
        <pdata key="OrderNumber" value="23758"/>
        <pdata key="OrderDate" value="7/16/2019"/>
        <pdata key="UpgradeDeviceDescription" value="TestJ-BlackOnyx-32GB"/>
        <pdata key="ShippingTrackingNumber" value="1ZW0Y5911361496530"/>
        <pdata key="CarrierUrl" value="http://wwwapps.ups.com/WebTracking/track?HTMLVersion=5.0&amp;loc=en_US&amp;Requester=UPSHome&amp;WBPM_lid=homepage%2Fct1.html_pnl_trk&amp;track.x=Track&amp;trackNums=1ZW0Y5911361496530"/>
        <pdata key="ShippingMethod" value="UPSExpeditedNextDayAir"/>
        <pdata key="ShippingAddressLine1" value="One Ravinia Drive"/>
        <pdata key="ShippingAddressLine2" value="opp: perimeter mall"/>
        <pdata key="ShippingAddressLine3" value="BLOCK #3"/>
        <pdata key="ShippingCityName" value="Atlanta"/>
        <pdata key="ShippingStateCode" value="TX"/>
        <pdata key="ShippingZipCode" value="30346"/>
        <pdata key="ShippingCountry" value="US"/>
      </email>
    </list>
  </template>
</batch>

14:37:16.342 [print] <batch xmlns:pfx="http://services.tmobile.com/csi/email" xmlns:tib="http://www.tibco.com/bw/xslt/custom-functions" xmlns:xsd="http://www.w3.org/2001/XMLSchema" profile="HSOS">
  <template>
    <content mfile="body.html" ref="ORDERSHIPPEDNOTRADEIN" type="text/html"/>
    <header>
      <from address="donotreply@t-mobile.com" name="T-Mobile USA"/>
      <reply address="donotreply@t-mobile.com" name="T-Mobile USA"/>
    </header>
    <list>
      <email id="20190716113646259ORDERSHIPPEDN" id2="ORDERSHIPPEDNOTRADEIN">
        <rcpt address="notifications.test.events+960698182@gmail.com"/>
        <pdata key="FullName" value="John Legere"/>
        <pdata key="OrderNumber" value="23758"/>
        <pdata key="OrderDate" value="7/16/2019"/>
        <pdata key="UpgradeDeviceDescription" value="TestJ-BlackOnyx-32GB"/>
        <pdata key="ShippingTrackingNumber" value="1ZW0Y5911361496530"/>
        <pdata key="CarrierUrl" value="http://wwwapps.ups.com/WebTracking/track?HTMLVersion=5.0&amp;loc=en_US&amp;Requester=UPSHome&amp;WBPM_lid=homepage%2Fct1.html_pnl_trk&amp;track.x=Track&amp;trackNums=1ZW0Y5911361496530"/>
        <pdata key="ShippingMethod" value="UPSExpeditedNextDayAir"/>
        <pdata key="ShippingAddressLine1" value="One Ravinia Drive"/>
        <pdata key="ShippingAddressLine2" value="opp: perimeter mall"/>
        <pdata key="ShippingAddressLine3" value="BLOCK #3"/>
        <pdata key="ShippingCityName" value="Atlanta"/>
        <pdata key="ShippingStateCode" value="TX"/>
        <pdata key="ShippingZipCode" value="30346"/>
        <pdata key="ShippingCountry" value="US"/>
      </email>
    </list>
  </template>
</batch>

14:37:16.352 [print] ActualFullName:John Legere
14:37:16.363 [print] ActualFullName:23758
14:37:16.379 [print] ActualOrderDate:7/16/2019
14:37:16.388 [print] ActualUpgradeDeviceDescription:TestJ-BlackOnyx-32GB
14:37:16.399 [print] ActualShippingTrackingNumber:1ZW0Y5911361496530
14:37:16.415 [print] ActualShippingMethod:UPSExpeditedNextDayAir
14:37:16.425 [print] ActualShippingAddressLine1:One Ravinia Drive
14:37:16.435 [print] ActualShippingAddressLine2:opp: perimeter mall
14:37:16.444 [print] ActualShippingAddressLine3:BLOCK #3
14:37:16.452 [print] ActualShippingCityName:Atlanta
14:37:16.465 [print] ActualShippingStateCode:TX
14:37:16.473 [print] ActualShippingZipCode:30346
14:37:16.483 [print] ActualShippingCountry:US
14:37:16.489 [print] ActualTemplateId:ORDERSHIPPEDNOTRADEIN
14:37:16.499 [print] ActualFullName1:John Legere
14:37:16.506 [print] ActualOrderNumber11:23758
14:37:16.514 [print] ActualOrderDate1:7/16/2019
14:37:16.521 [print] ActualUpgradeDeviceDescription1:TestJ-BlackOnyx-32GB
14:37:16.529 [print] ActualShippingTrackingNumber1:1ZW0Y5911361496530
14:37:16.536 [print] ActualShippingMethod1:UPSExpeditedNextDayAir
14:37:16.543 [print] ActualShippingAddressLine1_1:One Ravinia Drive
14:37:16.550 [print] ActualShippingAddressLine2_1:opp: perimeter mall
14:37:16.556 [print] ActualShippingAddressLine3_1:BLOCK #3
14:37:16.562 [print] ActualShippingCityName1:Atlanta
14:37:16.572 [print] ActualShippingStateCode1:TX
14:37:16.580 [print] ActualShippingZipCode1:30346
14:37:16.589 [print] ActualShippingCountry1:US
14:37:16.594 [print] ActualTemplateId1:ORDERSHIPPEDNOTRADEIN
